2022-03-10 06:57:42 Warning: DebugKit is disabling itself as your host `hf-avenue.matrix.jp` is not in the known safe list of top-level-domains (localhost, invalid, test, example, local). If you would like to force DebugKit on use the `DebugKit.forceEnable` Configure option.
2022-03-10 08:44:09 Warning: DebugKit is disabling itself as your host `hf-avenue.matrix.jp` is not in the known safe list of top-level-domains (localhost, invalid, test, example, local). If you would like to force DebugKit on use the `DebugKit.forceEnable` Configure option.
2022-03-10 08:58:08 Warning: DebugKit is disabling itself as your host `hf-avenue.matrix.jp` is not in the known safe list of top-level-domains (localhost, invalid, test, example, local). If you would like to force DebugKit on use the `DebugKit.forceEnable` Configure option.
2022-03-10 08:58:09 Error: [ReflectionException] Class App\Controller\TransController does not have a constructor, so you cannot pass any constructor arguments (/home/ugsf/www/hasidume/develop/trans/vendor/cakephp/cakephp/src/Http/ControllerFactory.php:47)
#0 /home/ugsf/www/hasidume/develop/trans/vendor/cakephp/cakephp/src/Http/ControllerFactory.php(47): ReflectionClass->newInstance(Object(Cake\Http\ServerRequest), Object(Cake\Http\Response))
#1 /home/ugsf/www/hasidume/develop/trans/vendor/cakephp/cakephp/src/Http/ActionDispatcher.php(91): Cake\Http\ControllerFactory->create(Object(Cake\Http\ServerRequest), Object(Cake\Http\Response))
#2 /home/ugsf/www/hasidume/develop/trans/vendor/cakephp/cakephp/src/Http/BaseApplication.php(256): Cake\Http\ActionDispatcher->dispatch(Object(Cake\Http\ServerRequest), Object(Cake\Http\Response))
#3 /home/ugsf/www/hasidume/develop/trans/vendor/cakephp/cakephp/src/Http/Runner.php(65): Cake\Http\BaseApplication->__invoke(Object(Cake\Http\ServerRequest), Object(Cake\Http\Response), Object(Cake\Http\Runner))
#4 /home/ugsf/www/hasidume/develop/trans/vendor/cakephp/cakephp/src/Http/Runner.php(65): Cake\Http\Runner->__invoke(Object(Cake\Http\ServerRequest), Object(Cake\Http\Response), Object(Cake\Http\Runner))
#5 /home/ugsf/www/hasidume/develop/trans/vendor/cakephp/cakephp/src/Http/Middleware/CsrfProtectionMiddleware.php(126): Cake\Http\Runner->__invoke(Object(Cake\Http\ServerRequest), Object(Cake\Http\Response))
#6 /home/ugsf/www/hasidume/develop/trans/vendor/cakephp/cakephp/src/Http/Runner.php(65): Cake\Http\Middleware\CsrfProtectionMiddleware->__invoke(Object(Cake\Http\ServerRequest), Object(Cake\Http\Response), Object(Cake\Http\Runner))
#7 /home/ugsf/www/hasidume/develop/trans/vendor/cakephp/cakephp/src/Http/Runner.php(51): Cake\Http\Runner->__invoke(Object(Cake\Http\ServerRequest), Object(Cake\Http\Response))
#8 /home/ugsf/www/hasidume/develop/trans/vendor/cakephp/cakephp/src/Routing/Middleware/RoutingMiddleware.php(170): Cake\Http\Runner->run(Object(Cake\Http\MiddlewareQueue), Object(Cake\Http\ServerRequest), Object(Cake\Http\Response))
#9 /home/ugsf/www/hasidume/develop/trans/vendor/cakephp/cakephp/src/Http/Runner.php(65): Cake\Routing\Middleware\RoutingMiddleware->__invoke(Object(Cake\Http\ServerRequest), Object(Cake\Http\Response), Object(Cake\Http\Runner))
#10 /home/ugsf/www/hasidume/develop/trans/vendor/cakephp/cakephp/src/Routing/Middleware/AssetMiddleware.php(88): Cake\Http\Runner->__invoke(Object(Cake\Http\ServerRequest), Object(Cake\Http\Response))
#11 /home/ugsf/www/hasidume/develop/trans/vendor/cakephp/cakephp/src/Http/Runner.php(65): Cake\Routing\Middleware\AssetMiddleware->__invoke(Object(Cake\Http\ServerRequest), Object(Cake\Http\Response), Object(Cake\Http\Runner))
#12 /home/ugsf/www/hasidume/develop/trans/vendor/cakephp/cakephp/src/Error/Middleware/ErrorHandlerMiddleware.php(100): Cake\Http\Runner->__invoke(Object(Cake\Http\ServerRequest), Object(Cake\Http\Response))
#13 /home/ugsf/www/hasidume/develop/trans/vendor/cakephp/cakephp/src/Http/Runner.php(65): Cake\Error\Middleware\ErrorHandlerMiddleware->__invoke(Object(Cake\Http\ServerRequest), Object(Cake\Http\Response), Object(Cake\Http\Runner))
#14 /home/ugsf/www/hasidume/develop/trans/vendor/cakephp/cakephp/src/Http/Runner.php(51): Cake\Http\Runner->__invoke(Object(Cake\Http\ServerRequest), Object(Cake\Http\Response))
#15 /home/ugsf/www/hasidume/develop/trans/vendor/cakephp/cakephp/src/Http/Server.php(97): Cake\Http\Runner->run(Object(Cake\Http\MiddlewareQueue), Object(Cake\Http\ServerRequest), Object(Cake\Http\Response))
#16 /home/ugsf/www/hasidume/develop/trans/webroot/index.php(40): Cake\Http\Server->run()
#17 {main}
Request URL: /trans


2022-03-13 12:42:55 Warning: Warning (2): curl_setopt() expects exactly 3 parameters, 2 given in [C:\xampp\htdocs\trans\src\Controller\TransController.php, line 15]
Request URL: /trans?type=post
Client IP: 127.0.0.1
Trace:
Cake\Error\BaseErrorHandler::handleError() - CORE\src\Error\BaseErrorHandler.php, line 168
Cake\Core\BasePlugin::{closure}() - ROOT\vendor\cakephp\debug_kit\config\bootstrap.php, line 43
curl_setopt - [internal], line ??
App\Controller\TransController::index() - APP/Controller\TransController.php, line 15
Cake\Controller\Controller::invokeAction() - CORE\src\Controller\Controller.php, line 606
Cake\Http\ActionDispatcher::_invoke() - CORE\src\Http\ActionDispatcher.php, line 120
Cake\Http\ActionDispatcher::dispatch() - CORE\src\Http\ActionDispatcher.php, line 94
Cake\Http\BaseApplication::__invoke() - CORE\src\Http\BaseApplication.php, line 256
Cake\Http\Runner::__invoke() - CORE\src\Http\Runner.php, line 65
Cake\Http\Runner::__invoke() - CORE\src\Http\Runner.php, line 65
Cake\Http\Middleware\CsrfProtectionMiddleware::__invoke() - CORE\src\Http\Middleware\CsrfProtectionMiddleware.php, line 126
Cake\Http\Runner::__invoke() - CORE\src\Http\Runner.php, line 65
Cake\Http\Runner::run() - CORE\src\Http\Runner.php, line 51
Cake\Routing\Middleware\RoutingMiddleware::__invoke() - CORE\src\Routing\Middleware\RoutingMiddleware.php, line 170
Cake\Http\Runner::__invoke() - CORE\src\Http\Runner.php, line 65
Cake\Routing\Middleware\AssetMiddleware::__invoke() - CORE\src\Routing\Middleware\AssetMiddleware.php, line 88
Cake\Http\Runner::__invoke() - CORE\src\Http\Runner.php, line 65
Cake\Error\Middleware\ErrorHandlerMiddleware::__invoke() - CORE\src\Error\Middleware\ErrorHandlerMiddleware.php, line 100
Cake\Http\Runner::__invoke() - CORE\src\Http\Runner.php, line 65
DebugKit\Middleware\DebugKitMiddleware::__invoke() - ROOT\vendor\cakephp\debug_kit\src\Middleware\DebugKitMiddleware.php, line 53
Cake\Http\Runner::__invoke() - CORE\src\Http\Runner.php, line 65
Cake\Http\Runner::run() - CORE\src\Http\Runner.php, line 51
Cake\Http\Server::run() - CORE\src\Http\Server.php, line 97
[main] - ROOT\webroot\index.php, line 40



2022-03-13 12:42:55 Warning: Warning (2): curl_setopt() expects exactly 3 parameters, 1 given in [C:\xampp\htdocs\trans\src\Controller\TransController.php, line 16]
Request URL: /trans?type=post
Client IP: 127.0.0.1
Trace:
Cake\Error\BaseErrorHandler::handleError() - CORE\src\Error\BaseErrorHandler.php, line 168
Cake\Core\BasePlugin::{closure}() - ROOT\vendor\cakephp\debug_kit\config\bootstrap.php, line 43
curl_setopt - [internal], line ??
App\Controller\TransController::index() - APP/Controller\TransController.php, line 16
Cake\Controller\Controller::invokeAction() - CORE\src\Controller\Controller.php, line 606
Cake\Http\ActionDispatcher::_invoke() - CORE\src\Http\ActionDispatcher.php, line 120
Cake\Http\ActionDispatcher::dispatch() - CORE\src\Http\ActionDispatcher.php, line 94
Cake\Http\BaseApplication::__invoke() - CORE\src\Http\BaseApplication.php, line 256
Cake\Http\Runner::__invoke() - CORE\src\Http\Runner.php, line 65
Cake\Http\Runner::__invoke() - CORE\src\Http\Runner.php, line 65
Cake\Http\Middleware\CsrfProtectionMiddleware::__invoke() - CORE\src\Http\Middleware\CsrfProtectionMiddleware.php, line 126
Cake\Http\Runner::__invoke() - CORE\src\Http\Runner.php, line 65
Cake\Http\Runner::run() - CORE\src\Http\Runner.php, line 51
Cake\Routing\Middleware\RoutingMiddleware::__invoke() - CORE\src\Routing\Middleware\RoutingMiddleware.php, line 170
Cake\Http\Runner::__invoke() - CORE\src\Http\Runner.php, line 65
Cake\Routing\Middleware\AssetMiddleware::__invoke() - CORE\src\Routing\Middleware\AssetMiddleware.php, line 88
Cake\Http\Runner::__invoke() - CORE\src\Http\Runner.php, line 65
Cake\Error\Middleware\ErrorHandlerMiddleware::__invoke() - CORE\src\Error\Middleware\ErrorHandlerMiddleware.php, line 100
Cake\Http\Runner::__invoke() - CORE\src\Http\Runner.php, line 65
DebugKit\Middleware\DebugKitMiddleware::__invoke() - ROOT\vendor\cakephp\debug_kit\src\Middleware\DebugKitMiddleware.php, line 53
Cake\Http\Runner::__invoke() - CORE\src\Http\Runner.php, line 65
Cake\Http\Runner::run() - CORE\src\Http\Runner.php, line 51
Cake\Http\Server::run() - CORE\src\Http\Server.php, line 97
[main] - ROOT\webroot\index.php, line 40



2022-03-13 12:42:55 Warning: Warning (512): Unable to emit headers. Headers sent in file=C:\xampp\htdocs\trans\vendor\cakephp\cakephp\src\Error\Debugger.php line=855 in [C:\xampp\htdocs\trans\vendor\cakephp\cakephp\src\Http\ResponseEmitter.php, line 53]
Request URL: /trans?type=post
Client IP: 127.0.0.1
Trace:
Cake\Error\BaseErrorHandler::handleError() - CORE\src\Error\BaseErrorHandler.php, line 168
Cake\Core\BasePlugin::{closure}() - ROOT\vendor\cakephp\debug_kit\config\bootstrap.php, line 43
Cake\Http\ResponseEmitter::emit() - CORE\src\Http\ResponseEmitter.php, line 53
Cake\Http\Server::emit() - CORE\src\Http\Server.php, line 140
[main] - ROOT\webroot\index.php, line 40



2022-03-13 12:42:55 Warning: Warning (2): Cannot modify header information - headers already sent by (output started at C:\xampp\htdocs\trans\vendor\cakephp\cakephp\src\Error\Debugger.php:855) in [C:\xampp\htdocs\trans\vendor\cakephp\cakephp\src\Http\ResponseEmitter.php, line 154]
Request URL: /trans?type=post
Client IP: 127.0.0.1
Trace:
Cake\Error\BaseErrorHandler::handleError() - CORE\src\Error\BaseErrorHandler.php, line 168
Cake\Core\BasePlugin::{closure}() - ROOT\vendor\cakephp\debug_kit\config\bootstrap.php, line 43
header - [internal], line ??
Cake\Http\ResponseEmitter::emitStatusLine() - CORE\src\Http\ResponseEmitter.php, line 154
Cake\Http\ResponseEmitter::emit() - CORE\src\Http\ResponseEmitter.php, line 59
Cake\Http\Server::emit() - CORE\src\Http\Server.php, line 140
[main] - ROOT\webroot\index.php, line 40



2022-03-13 12:42:55 Warning: Warning (2): Cannot modify header information - headers already sent by (output started at C:\xampp\htdocs\trans\vendor\cakephp\cakephp\src\Error\Debugger.php:855) in [C:\xampp\htdocs\trans\vendor\cakephp\cakephp\src\Http\ResponseEmitter.php, line 183]
Request URL: /trans?type=post
Client IP: 127.0.0.1
Trace:
Cake\Error\BaseErrorHandler::handleError() - CORE\src\Error\BaseErrorHandler.php, line 168
Cake\Core\BasePlugin::{closure}() - ROOT\vendor\cakephp\debug_kit\config\bootstrap.php, line 43
header - [internal], line ??
Cake\Http\ResponseEmitter::emitHeaders() - CORE\src\Http\ResponseEmitter.php, line 183
Cake\Http\ResponseEmitter::emit() - CORE\src\Http\ResponseEmitter.php, line 60
Cake\Http\Server::emit() - CORE\src\Http\Server.php, line 140
[main] - ROOT\webroot\index.php, line 40



2022-03-13 12:42:55 Warning: Warning (2): Cannot modify header information - headers already sent by (output started at C:\xampp\htdocs\trans\vendor\cakephp\cakephp\src\Error\Debugger.php:855) in [C:\xampp\htdocs\trans\vendor\cakephp\cakephp\src\Http\ResponseEmitter.php, line 183]
Request URL: /trans?type=post
Client IP: 127.0.0.1
Trace:
Cake\Error\BaseErrorHandler::handleError() - CORE\src\Error\BaseErrorHandler.php, line 168
Cake\Core\BasePlugin::{closure}() - ROOT\vendor\cakephp\debug_kit\config\bootstrap.php, line 43
header - [internal], line ??
Cake\Http\ResponseEmitter::emitHeaders() - CORE\src\Http\ResponseEmitter.php, line 183
Cake\Http\ResponseEmitter::emit() - CORE\src\Http\ResponseEmitter.php, line 60
Cake\Http\Server::emit() - CORE\src\Http\Server.php, line 140
[main] - ROOT\webroot\index.php, line 40



2022-03-13 13:02:55 Warning: Warning (512): Unable to emit headers. Headers sent in file=C:\xampp\htdocs\trans\vendor\cakephp\cakephp\src\Error\Debugger.php line=855 in [C:\xampp\htdocs\trans\vendor\cakephp\cakephp\src\Http\ResponseEmitter.php, line 53]
Request URL: /trans?type=post
Referer URL: http://127.0.0.1/trans/trans?type=post
Client IP: 127.0.0.1
Trace:
Cake\Error\BaseErrorHandler::handleError() - CORE\src\Error\BaseErrorHandler.php, line 168
Cake\Core\BasePlugin::{closure}() - ROOT\vendor\cakephp\debug_kit\config\bootstrap.php, line 43
Cake\Http\ResponseEmitter::emit() - CORE\src\Http\ResponseEmitter.php, line 53
Cake\Http\Server::emit() - CORE\src\Http\Server.php, line 140
[main] - ROOT\webroot\index.php, line 40



2022-03-13 13:02:55 Warning: Warning (2): Cannot modify header information - headers already sent by (output started at C:\xampp\htdocs\trans\vendor\cakephp\cakephp\src\Error\Debugger.php:855) in [C:\xampp\htdocs\trans\vendor\cakephp\cakephp\src\Http\ResponseEmitter.php, line 154]
Request URL: /trans?type=post
Referer URL: http://127.0.0.1/trans/trans?type=post
Client IP: 127.0.0.1
Trace:
Cake\Error\BaseErrorHandler::handleError() - CORE\src\Error\BaseErrorHandler.php, line 168
Cake\Core\BasePlugin::{closure}() - ROOT\vendor\cakephp\debug_kit\config\bootstrap.php, line 43
header - [internal], line ??
Cake\Http\ResponseEmitter::emitStatusLine() - CORE\src\Http\ResponseEmitter.php, line 154
Cake\Http\ResponseEmitter::emit() - CORE\src\Http\ResponseEmitter.php, line 59
Cake\Http\Server::emit() - CORE\src\Http\Server.php, line 140
[main] - ROOT\webroot\index.php, line 40



2022-03-13 13:02:55 Warning: Warning (2): Cannot modify header information - headers already sent by (output started at C:\xampp\htdocs\trans\vendor\cakephp\cakephp\src\Error\Debugger.php:855) in [C:\xampp\htdocs\trans\vendor\cakephp\cakephp\src\Http\ResponseEmitter.php, line 183]
Request URL: /trans?type=post
Referer URL: http://127.0.0.1/trans/trans?type=post
Client IP: 127.0.0.1
Trace:
Cake\Error\BaseErrorHandler::handleError() - CORE\src\Error\BaseErrorHandler.php, line 168
Cake\Core\BasePlugin::{closure}() - ROOT\vendor\cakephp\debug_kit\config\bootstrap.php, line 43
header - [internal], line ??
Cake\Http\ResponseEmitter::emitHeaders() - CORE\src\Http\ResponseEmitter.php, line 183
Cake\Http\ResponseEmitter::emit() - CORE\src\Http\ResponseEmitter.php, line 60
Cake\Http\Server::emit() - CORE\src\Http\Server.php, line 140
[main] - ROOT\webroot\index.php, line 40



2022-03-13 13:02:55 Warning: Warning (2): Cannot modify header information - headers already sent by (output started at C:\xampp\htdocs\trans\vendor\cakephp\cakephp\src\Error\Debugger.php:855) in [C:\xampp\htdocs\trans\vendor\cakephp\cakephp\src\Http\ResponseEmitter.php, line 183]
Request URL: /trans?type=post
Referer URL: http://127.0.0.1/trans/trans?type=post
Client IP: 127.0.0.1
Trace:
Cake\Error\BaseErrorHandler::handleError() - CORE\src\Error\BaseErrorHandler.php, line 168
Cake\Core\BasePlugin::{closure}() - ROOT\vendor\cakephp\debug_kit\config\bootstrap.php, line 43
header - [internal], line ??
Cake\Http\ResponseEmitter::emitHeaders() - CORE\src\Http\ResponseEmitter.php, line 183
Cake\Http\ResponseEmitter::emit() - CORE\src\Http\ResponseEmitter.php, line 60
Cake\Http\Server::emit() - CORE\src\Http\Server.php, line 140
[main] - ROOT\webroot\index.php, line 40



2022-03-13 13:37:47 Error: [ParseError] syntax error, unexpected '$translate_language' (T_VARIABLE) (C:\xampp\htdocs\trans\src\Controller\TransController.php:36)
#0 C:\xampp\htdocs\trans\vendor\composer\ClassLoader.php(428): Composer\Autoload\includeFile('C:\\xampp\\htdocs...')
#1 [internal function]: Composer\Autoload\ClassLoader->loadClass('App\\Controller\\...')
#2 [internal function]: spl_autoload_call('App\\Controller\\...')
#3 C:\xampp\htdocs\trans\vendor\cakephp\cakephp\src\Core\App.php(151): class_exists('App\\Controller\\...')
#4 C:\xampp\htdocs\trans\vendor\cakephp\cakephp\src\Core\App.php(63): Cake\Core\App::_classExistsInBase('\\Controller\\Tra...', 'App')
#5 C:\xampp\htdocs\trans\vendor\cakephp\cakephp\src\Http\ControllerFactory.php(93): Cake\Core\App::className('Trans', 'Controller', 'Controller')
#6 C:\xampp\htdocs\trans\vendor\cakephp\cakephp\src\Http\ControllerFactory.php(37): Cake\Http\ControllerFactory->getControllerClass(Object(Cake\Http\ServerRequest))
#7 C:\xampp\htdocs\trans\vendor\cakephp\cakephp\src\Http\ActionDispatcher.php(91): Cake\Http\ControllerFactory->create(Object(Cake\Http\ServerRequest), Object(Cake\Http\Response))
#8 C:\xampp\htdocs\trans\vendor\cakephp\cakephp\src\Http\BaseApplication.php(256): Cake\Http\ActionDispatcher->dispatch(Object(Cake\Http\ServerRequest), Object(Cake\Http\Response))
#9 C:\xampp\htdocs\trans\vendor\cakephp\cakephp\src\Http\Runner.php(65): Cake\Http\BaseApplication->__invoke(Object(Cake\Http\ServerRequest), Object(Cake\Http\Response), Object(Cake\Http\Runner))
#10 C:\xampp\htdocs\trans\vendor\cakephp\cakephp\src\Http\Runner.php(65): Cake\Http\Runner->__invoke(Object(Cake\Http\ServerRequest), Object(Cake\Http\Response), Object(Cake\Http\Runner))
#11 C:\xampp\htdocs\trans\vendor\cakephp\cakephp\src\Http\Middleware\CsrfProtectionMiddleware.php(126): Cake\Http\Runner->__invoke(Object(Cake\Http\ServerRequest), Object(Cake\Http\Response))
#12 C:\xampp\htdocs\trans\vendor\cakephp\cakephp\src\Http\Runner.php(65): Cake\Http\Middleware\CsrfProtectionMiddleware->__invoke(Object(Cake\Http\ServerRequest), Object(Cake\Http\Response), Object(Cake\Http\Runner))
#13 C:\xampp\htdocs\trans\vendor\cakephp\cakephp\src\Http\Runner.php(51): Cake\Http\Runner->__invoke(Object(Cake\Http\ServerRequest), Object(Cake\Http\Response))
#14 C:\xampp\htdocs\trans\vendor\cakephp\cakephp\src\Routing\Middleware\RoutingMiddleware.php(170): Cake\Http\Runner->run(Object(Cake\Http\MiddlewareQueue), Object(Cake\Http\ServerRequest), Object(Cake\Http\Response))
#15 C:\xampp\htdocs\trans\vendor\cakephp\cakephp\src\Http\Runner.php(65): Cake\Routing\Middleware\RoutingMiddleware->__invoke(Object(Cake\Http\ServerRequest), Object(Cake\Http\Response), Object(Cake\Http\Runner))
#16 C:\xampp\htdocs\trans\vendor\cakephp\cakephp\src\Routing\Middleware\AssetMiddleware.php(88): Cake\Http\Runner->__invoke(Object(Cake\Http\ServerRequest), Object(Cake\Http\Response))
#17 C:\xampp\htdocs\trans\vendor\cakephp\cakephp\src\Http\Runner.php(65): Cake\Routing\Middleware\AssetMiddleware->__invoke(Object(Cake\Http\ServerRequest), Object(Cake\Http\Response), Object(Cake\Http\Runner))
#18 C:\xampp\htdocs\trans\vendor\cakephp\cakephp\src\Error\Middleware\ErrorHandlerMiddleware.php(100): Cake\Http\Runner->__invoke(Object(Cake\Http\ServerRequest), Object(Cake\Http\Response))
#19 C:\xampp\htdocs\trans\vendor\cakephp\cakephp\src\Http\Runner.php(65): Cake\Error\Middleware\ErrorHandlerMiddleware->__invoke(Object(Cake\Http\ServerRequest), Object(Cake\Http\Response), Object(Cake\Http\Runner))
#20 C:\xampp\htdocs\trans\vendor\cakephp\debug_kit\src\Middleware\DebugKitMiddleware.php(53): Cake\Http\Runner->__invoke(Object(Cake\Http\ServerRequest), Object(Cake\Http\Response))
#21 C:\xampp\htdocs\trans\vendor\cakephp\cakephp\src\Http\Runner.php(65): DebugKit\Middleware\DebugKitMiddleware->__invoke(Object(Cake\Http\ServerRequest), Object(Cake\Http\Response), Object(Cake\Http\Runner))
#22 C:\xampp\htdocs\trans\vendor\cakephp\cakephp\src\Http\Runner.php(51): Cake\Http\Runner->__invoke(Object(Cake\Http\ServerRequest), Object(Cake\Http\Response))
#23 C:\xampp\htdocs\trans\vendor\cakephp\cakephp\src\Http\Server.php(97): Cake\Http\Runner->run(Object(Cake\Http\MiddlewareQueue), Object(Cake\Http\ServerRequest), Object(Cake\Http\Response))
#24 C:\xampp\htdocs\trans\webroot\index.php(40): Cake\Http\Server->run()
#25 {main}
Request URL: /trans?type=post


