2022-03-13 10:52:10 Debug: duration=1 rows=4 SHOW TABLES FROM `trans`
2022-03-13 10:52:36 Debug: duration=1 rows=4 SHOW TABLES FROM `trans`
2022-03-13 10:52:36 Debug: duration=4 rows=4 SHOW FULL COLUMNS FROM `chs`
2022-03-13 10:52:36 Debug: duration=2 rows=1 SHOW INDEXES FROM `chs`
2022-03-13 10:52:36 Debug: duration=2 rows=0 SELECT * FROM information_schema.key_column_usage AS kcu
            INNER JOIN information_schema.referential_constraints AS rc
            ON (
                kcu.CONSTRAINT_NAME = rc.CONSTRAINT_NAME
                AND kcu.CONSTRAINT_SCHEMA = rc.CONSTRAINT_SCHEMA
            )
            WHERE kcu.TABLE_SCHEMA = 'trans' AND kcu.TABLE_NAME = 'chs' AND rc.TABLE_NAME = 'chs'
2022-03-13 10:52:36 Debug: duration=0 rows=1 SHOW TABLE STATUS WHERE Name = 'chs'
2022-03-13 10:52:36 Debug: duration=4 rows=4 SHOW FULL COLUMNS FROM `ens`
2022-03-13 10:52:36 Debug: duration=2 rows=1 SHOW INDEXES FROM `ens`
2022-03-13 10:52:36 Debug: duration=1 rows=0 SELECT * FROM information_schema.key_column_usage AS kcu
            INNER JOIN information_schema.referential_constraints AS rc
            ON (
                kcu.CONSTRAINT_NAME = rc.CONSTRAINT_NAME
                AND kcu.CONSTRAINT_SCHEMA = rc.CONSTRAINT_SCHEMA
            )
            WHERE kcu.TABLE_SCHEMA = 'trans' AND kcu.TABLE_NAME = 'ens' AND rc.TABLE_NAME = 'ens'
2022-03-13 10:52:36 Debug: duration=0 rows=1 SHOW TABLE STATUS WHERE Name = 'ens'
2022-03-13 10:52:36 Debug: duration=4 rows=4 SHOW FULL COLUMNS FROM `jps`
2022-03-13 10:52:36 Debug: duration=1 rows=1 SHOW INDEXES FROM `jps`
2022-03-13 10:52:36 Debug: duration=2 rows=0 SELECT * FROM information_schema.key_column_usage AS kcu
            INNER JOIN information_schema.referential_constraints AS rc
            ON (
                kcu.CONSTRAINT_NAME = rc.CONSTRAINT_NAME
                AND kcu.CONSTRAINT_SCHEMA = rc.CONSTRAINT_SCHEMA
            )
            WHERE kcu.TABLE_SCHEMA = 'trans' AND kcu.TABLE_NAME = 'jps' AND rc.TABLE_NAME = 'jps'
2022-03-13 10:52:36 Debug: duration=1 rows=1 SHOW TABLE STATUS WHERE Name = 'jps'
2022-03-13 10:52:36 Debug: duration=6 rows=4 SHOW FULL COLUMNS FROM `krs`
2022-03-13 10:52:36 Debug: duration=2 rows=1 SHOW INDEXES FROM `krs`
2022-03-13 10:52:36 Debug: duration=2 rows=0 SELECT * FROM information_schema.key_column_usage AS kcu
            INNER JOIN information_schema.referential_constraints AS rc
            ON (
                kcu.CONSTRAINT_NAME = rc.CONSTRAINT_NAME
                AND kcu.CONSTRAINT_SCHEMA = rc.CONSTRAINT_SCHEMA
            )
            WHERE kcu.TABLE_SCHEMA = 'trans' AND kcu.TABLE_NAME = 'krs' AND rc.TABLE_NAME = 'krs'
2022-03-13 10:52:36 Debug: duration=1 rows=1 SHOW TABLE STATUS WHERE Name = 'krs'
2022-03-13 10:52:36 Debug: duration=4 rows=4 SHOW FULL COLUMNS FROM `chs`
2022-03-13 10:52:36 Debug: duration=2 rows=1 SHOW INDEXES FROM `chs`
2022-03-13 10:52:36 Debug: duration=1 rows=0 SELECT * FROM information_schema.key_column_usage AS kcu
            INNER JOIN information_schema.referential_constraints AS rc
            ON (
                kcu.CONSTRAINT_NAME = rc.CONSTRAINT_NAME
                AND kcu.CONSTRAINT_SCHEMA = rc.CONSTRAINT_SCHEMA
            )
            WHERE kcu.TABLE_SCHEMA = 'trans' AND kcu.TABLE_NAME = 'chs' AND rc.TABLE_NAME = 'chs'
2022-03-13 10:52:36 Debug: duration=0 rows=1 SHOW TABLE STATUS WHERE Name = 'chs'
2022-03-13 10:52:52 Debug: duration=1 rows=4 SHOW TABLES FROM `trans`
2022-03-13 10:52:52 Debug: duration=3 rows=4 SHOW FULL COLUMNS FROM `ens`
2022-03-13 10:52:52 Debug: duration=1 rows=1 SHOW INDEXES FROM `ens`
2022-03-13 10:52:52 Debug: duration=1 rows=0 SELECT * FROM information_schema.key_column_usage AS kcu
            INNER JOIN information_schema.referential_constraints AS rc
            ON (
                kcu.CONSTRAINT_NAME = rc.CONSTRAINT_NAME
                AND kcu.CONSTRAINT_SCHEMA = rc.CONSTRAINT_SCHEMA
            )
            WHERE kcu.TABLE_SCHEMA = 'trans' AND kcu.TABLE_NAME = 'ens' AND rc.TABLE_NAME = 'ens'
2022-03-13 10:52:52 Debug: duration=0 rows=1 SHOW TABLE STATUS WHERE Name = 'ens'
2022-03-13 10:52:52 Debug: duration=3 rows=4 SHOW FULL COLUMNS FROM `chs`
2022-03-13 10:52:52 Debug: duration=2 rows=1 SHOW INDEXES FROM `chs`
2022-03-13 10:52:52 Debug: duration=2 rows=0 SELECT * FROM information_schema.key_column_usage AS kcu
            INNER JOIN information_schema.referential_constraints AS rc
            ON (
                kcu.CONSTRAINT_NAME = rc.CONSTRAINT_NAME
                AND kcu.CONSTRAINT_SCHEMA = rc.CONSTRAINT_SCHEMA
            )
            WHERE kcu.TABLE_SCHEMA = 'trans' AND kcu.TABLE_NAME = 'chs' AND rc.TABLE_NAME = 'chs'
2022-03-13 10:52:52 Debug: duration=0 rows=1 SHOW TABLE STATUS WHERE Name = 'chs'
2022-03-13 10:52:52 Debug: duration=3 rows=4 SHOW FULL COLUMNS FROM `jps`
2022-03-13 10:52:52 Debug: duration=2 rows=1 SHOW INDEXES FROM `jps`
2022-03-13 10:52:52 Debug: duration=1 rows=0 SELECT * FROM information_schema.key_column_usage AS kcu
            INNER JOIN information_schema.referential_constraints AS rc
            ON (
                kcu.CONSTRAINT_NAME = rc.CONSTRAINT_NAME
                AND kcu.CONSTRAINT_SCHEMA = rc.CONSTRAINT_SCHEMA
            )
            WHERE kcu.TABLE_SCHEMA = 'trans' AND kcu.TABLE_NAME = 'jps' AND rc.TABLE_NAME = 'jps'
2022-03-13 10:52:52 Debug: duration=0 rows=1 SHOW TABLE STATUS WHERE Name = 'jps'
2022-03-13 10:52:52 Debug: duration=3 rows=4 SHOW FULL COLUMNS FROM `krs`
2022-03-13 10:52:52 Debug: duration=2 rows=1 SHOW INDEXES FROM `krs`
2022-03-13 10:52:52 Debug: duration=1 rows=0 SELECT * FROM information_schema.key_column_usage AS kcu
            INNER JOIN information_schema.referential_constraints AS rc
            ON (
                kcu.CONSTRAINT_NAME = rc.CONSTRAINT_NAME
                AND kcu.CONSTRAINT_SCHEMA = rc.CONSTRAINT_SCHEMA
            )
            WHERE kcu.TABLE_SCHEMA = 'trans' AND kcu.TABLE_NAME = 'krs' AND rc.TABLE_NAME = 'krs'
2022-03-13 10:52:52 Debug: duration=0 rows=1 SHOW TABLE STATUS WHERE Name = 'krs'
2022-03-13 10:52:52 Debug: duration=3 rows=4 SHOW FULL COLUMNS FROM `ens`
2022-03-13 10:52:52 Debug: duration=2 rows=1 SHOW INDEXES FROM `ens`
2022-03-13 10:52:52 Debug: duration=2 rows=0 SELECT * FROM information_schema.key_column_usage AS kcu
            INNER JOIN information_schema.referential_constraints AS rc
            ON (
                kcu.CONSTRAINT_NAME = rc.CONSTRAINT_NAME
                AND kcu.CONSTRAINT_SCHEMA = rc.CONSTRAINT_SCHEMA
            )
            WHERE kcu.TABLE_SCHEMA = 'trans' AND kcu.TABLE_NAME = 'ens' AND rc.TABLE_NAME = 'ens'
2022-03-13 10:52:52 Debug: duration=1 rows=1 SHOW TABLE STATUS WHERE Name = 'ens'
2022-03-13 10:53:03 Debug: duration=1 rows=4 SHOW TABLES FROM `trans`
2022-03-13 10:53:03 Debug: duration=3 rows=4 SHOW FULL COLUMNS FROM `jps`
2022-03-13 10:53:03 Debug: duration=2 rows=1 SHOW INDEXES FROM `jps`
2022-03-13 10:53:03 Debug: duration=1 rows=0 SELECT * FROM information_schema.key_column_usage AS kcu
            INNER JOIN information_schema.referential_constraints AS rc
            ON (
                kcu.CONSTRAINT_NAME = rc.CONSTRAINT_NAME
                AND kcu.CONSTRAINT_SCHEMA = rc.CONSTRAINT_SCHEMA
            )
            WHERE kcu.TABLE_SCHEMA = 'trans' AND kcu.TABLE_NAME = 'jps' AND rc.TABLE_NAME = 'jps'
2022-03-13 10:53:03 Debug: duration=0 rows=1 SHOW TABLE STATUS WHERE Name = 'jps'
2022-03-13 10:53:03 Debug: duration=3 rows=4 SHOW FULL COLUMNS FROM `chs`
2022-03-13 10:53:03 Debug: duration=2 rows=1 SHOW INDEXES FROM `chs`
2022-03-13 10:53:03 Debug: duration=1 rows=0 SELECT * FROM information_schema.key_column_usage AS kcu
            INNER JOIN information_schema.referential_constraints AS rc
            ON (
                kcu.CONSTRAINT_NAME = rc.CONSTRAINT_NAME
                AND kcu.CONSTRAINT_SCHEMA = rc.CONSTRAINT_SCHEMA
            )
            WHERE kcu.TABLE_SCHEMA = 'trans' AND kcu.TABLE_NAME = 'chs' AND rc.TABLE_NAME = 'chs'
2022-03-13 10:53:03 Debug: duration=0 rows=1 SHOW TABLE STATUS WHERE Name = 'chs'
2022-03-13 10:53:03 Debug: duration=3 rows=4 SHOW FULL COLUMNS FROM `ens`
2022-03-13 10:53:03 Debug: duration=2 rows=1 SHOW INDEXES FROM `ens`
2022-03-13 10:53:03 Debug: duration=2 rows=0 SELECT * FROM information_schema.key_column_usage AS kcu
            INNER JOIN information_schema.referential_constraints AS rc
            ON (
                kcu.CONSTRAINT_NAME = rc.CONSTRAINT_NAME
                AND kcu.CONSTRAINT_SCHEMA = rc.CONSTRAINT_SCHEMA
            )
            WHERE kcu.TABLE_SCHEMA = 'trans' AND kcu.TABLE_NAME = 'ens' AND rc.TABLE_NAME = 'ens'
2022-03-13 10:53:03 Debug: duration=0 rows=1 SHOW TABLE STATUS WHERE Name = 'ens'
2022-03-13 10:53:03 Debug: duration=3 rows=4 SHOW FULL COLUMNS FROM `krs`
2022-03-13 10:53:03 Debug: duration=2 rows=1 SHOW INDEXES FROM `krs`
2022-03-13 10:53:03 Debug: duration=1 rows=0 SELECT * FROM information_schema.key_column_usage AS kcu
            INNER JOIN information_schema.referential_constraints AS rc
            ON (
                kcu.CONSTRAINT_NAME = rc.CONSTRAINT_NAME
                AND kcu.CONSTRAINT_SCHEMA = rc.CONSTRAINT_SCHEMA
            )
            WHERE kcu.TABLE_SCHEMA = 'trans' AND kcu.TABLE_NAME = 'krs' AND rc.TABLE_NAME = 'krs'
2022-03-13 10:53:03 Debug: duration=0 rows=1 SHOW TABLE STATUS WHERE Name = 'krs'
2022-03-13 10:53:03 Debug: duration=3 rows=4 SHOW FULL COLUMNS FROM `jps`
2022-03-13 10:53:03 Debug: duration=2 rows=1 SHOW INDEXES FROM `jps`
2022-03-13 10:53:03 Debug: duration=1 rows=0 SELECT * FROM information_schema.key_column_usage AS kcu
            INNER JOIN information_schema.referential_constraints AS rc
            ON (
                kcu.CONSTRAINT_NAME = rc.CONSTRAINT_NAME
                AND kcu.CONSTRAINT_SCHEMA = rc.CONSTRAINT_SCHEMA
            )
            WHERE kcu.TABLE_SCHEMA = 'trans' AND kcu.TABLE_NAME = 'jps' AND rc.TABLE_NAME = 'jps'
2022-03-13 10:53:03 Debug: duration=0 rows=1 SHOW TABLE STATUS WHERE Name = 'jps'
2022-03-13 10:53:16 Debug: duration=1 rows=4 SHOW TABLES FROM `trans`
2022-03-13 10:53:16 Debug: duration=3 rows=4 SHOW FULL COLUMNS FROM `krs`
2022-03-13 10:53:16 Debug: duration=2 rows=1 SHOW INDEXES FROM `krs`
2022-03-13 10:53:16 Debug: duration=1 rows=0 SELECT * FROM information_schema.key_column_usage AS kcu
            INNER JOIN information_schema.referential_constraints AS rc
            ON (
                kcu.CONSTRAINT_NAME = rc.CONSTRAINT_NAME
                AND kcu.CONSTRAINT_SCHEMA = rc.CONSTRAINT_SCHEMA
            )
            WHERE kcu.TABLE_SCHEMA = 'trans' AND kcu.TABLE_NAME = 'krs' AND rc.TABLE_NAME = 'krs'
2022-03-13 10:53:16 Debug: duration=0 rows=1 SHOW TABLE STATUS WHERE Name = 'krs'
2022-03-13 10:53:16 Debug: duration=4 rows=4 SHOW FULL COLUMNS FROM `chs`
2022-03-13 10:53:16 Debug: duration=2 rows=1 SHOW INDEXES FROM `chs`
2022-03-13 10:53:16 Debug: duration=1 rows=0 SELECT * FROM information_schema.key_column_usage AS kcu
            INNER JOIN information_schema.referential_constraints AS rc
            ON (
                kcu.CONSTRAINT_NAME = rc.CONSTRAINT_NAME
                AND kcu.CONSTRAINT_SCHEMA = rc.CONSTRAINT_SCHEMA
            )
            WHERE kcu.TABLE_SCHEMA = 'trans' AND kcu.TABLE_NAME = 'chs' AND rc.TABLE_NAME = 'chs'
2022-03-13 10:53:16 Debug: duration=0 rows=1 SHOW TABLE STATUS WHERE Name = 'chs'
2022-03-13 10:53:16 Debug: duration=3 rows=4 SHOW FULL COLUMNS FROM `ens`
2022-03-13 10:53:16 Debug: duration=1 rows=1 SHOW INDEXES FROM `ens`
2022-03-13 10:53:16 Debug: duration=1 rows=0 SELECT * FROM information_schema.key_column_usage AS kcu
            INNER JOIN information_schema.referential_constraints AS rc
            ON (
                kcu.CONSTRAINT_NAME = rc.CONSTRAINT_NAME
                AND kcu.CONSTRAINT_SCHEMA = rc.CONSTRAINT_SCHEMA
            )
            WHERE kcu.TABLE_SCHEMA = 'trans' AND kcu.TABLE_NAME = 'ens' AND rc.TABLE_NAME = 'ens'
2022-03-13 10:53:16 Debug: duration=1 rows=1 SHOW TABLE STATUS WHERE Name = 'ens'
2022-03-13 10:53:16 Debug: duration=3 rows=4 SHOW FULL COLUMNS FROM `jps`
2022-03-13 10:53:16 Debug: duration=2 rows=1 SHOW INDEXES FROM `jps`
2022-03-13 10:53:16 Debug: duration=1 rows=0 SELECT * FROM information_schema.key_column_usage AS kcu
            INNER JOIN information_schema.referential_constraints AS rc
            ON (
                kcu.CONSTRAINT_NAME = rc.CONSTRAINT_NAME
                AND kcu.CONSTRAINT_SCHEMA = rc.CONSTRAINT_SCHEMA
            )
            WHERE kcu.TABLE_SCHEMA = 'trans' AND kcu.TABLE_NAME = 'jps' AND rc.TABLE_NAME = 'jps'
2022-03-13 10:53:16 Debug: duration=0 rows=1 SHOW TABLE STATUS WHERE Name = 'jps'
2022-03-13 10:53:16 Debug: duration=4 rows=4 SHOW FULL COLUMNS FROM `krs`
2022-03-13 10:53:16 Debug: duration=2 rows=1 SHOW INDEXES FROM `krs`
2022-03-13 10:53:16 Debug: duration=1 rows=0 SELECT * FROM information_schema.key_column_usage AS kcu
            INNER JOIN information_schema.referential_constraints AS rc
            ON (
                kcu.CONSTRAINT_NAME = rc.CONSTRAINT_NAME
                AND kcu.CONSTRAINT_SCHEMA = rc.CONSTRAINT_SCHEMA
            )
            WHERE kcu.TABLE_SCHEMA = 'trans' AND kcu.TABLE_NAME = 'krs' AND rc.TABLE_NAME = 'krs'
2022-03-13 10:53:16 Debug: duration=0 rows=1 SHOW TABLE STATUS WHERE Name = 'krs'
2022-03-13 11:01:33 Debug: duration=4 rows=0 SHOW FULL COLUMNS FROM `trans`
2022-03-13 13:56:28 Debug: duration=0 rows=0 BEGIN
2022-03-13 13:56:28 Debug: duration=26 rows=4 SHOW FULL COLUMNS FROM `jps`
2022-03-13 13:56:28 Debug: duration=9 rows=1 SHOW INDEXES FROM `jps`
2022-03-13 13:56:28 Debug: duration=12 rows=0 SELECT * FROM information_schema.key_column_usage AS kcu
            INNER JOIN information_schema.referential_constraints AS rc
            ON (
                kcu.CONSTRAINT_NAME = rc.CONSTRAINT_NAME
                AND kcu.CONSTRAINT_SCHEMA = rc.CONSTRAINT_SCHEMA
            )
            WHERE kcu.TABLE_SCHEMA = 'trans' AND kcu.TABLE_NAME = 'jps' AND rc.TABLE_NAME = 'jps'
2022-03-13 13:56:28 Debug: duration=1 rows=1 SHOW TABLE STATUS WHERE Name = 'jps'
2022-03-13 13:56:28 Debug: duration=5 rows=1 INSERT INTO jps (text, created, modified) VALUES ('こんにちはこんにちは', '2022-03-13 13:56:28', '2022-03-13 13:56:28')
2022-03-13 13:56:28 Debug: duration=0 rows=0 COMMIT
2022-03-13 14:11:17 Debug: duration=0 rows=0 BEGIN
2022-03-13 14:11:17 Debug: duration=4 rows=4 SHOW FULL COLUMNS FROM `jps`
2022-03-13 14:11:17 Debug: duration=2 rows=1 SHOW INDEXES FROM `jps`
2022-03-13 14:11:17 Debug: duration=2 rows=0 SELECT * FROM information_schema.key_column_usage AS kcu
            INNER JOIN information_schema.referential_constraints AS rc
            ON (
                kcu.CONSTRAINT_NAME = rc.CONSTRAINT_NAME
                AND kcu.CONSTRAINT_SCHEMA = rc.CONSTRAINT_SCHEMA
            )
            WHERE kcu.TABLE_SCHEMA = 'trans' AND kcu.TABLE_NAME = 'jps' AND rc.TABLE_NAME = 'jps'
2022-03-13 14:11:17 Debug: duration=0 rows=1 SHOW TABLE STATUS WHERE Name = 'jps'
2022-03-13 14:11:17 Debug: duration=0 rows=1 INSERT INTO jps (text, created, modified) VALUES ('こんにちは！こんにちは！', '2022-03-13 14:11:17', '2022-03-13 14:11:17')
2022-03-13 14:11:17 Debug: duration=0 rows=0 COMMIT
2022-03-13 14:11:17 Debug: duration=0 rows=0 BEGIN
2022-03-13 14:11:17 Debug: duration=3 rows=4 SHOW FULL COLUMNS FROM `ens`
2022-03-13 14:11:17 Debug: duration=2 rows=1 SHOW INDEXES FROM `ens`
2022-03-13 14:11:17 Debug: duration=2 rows=0 SELECT * FROM information_schema.key_column_usage AS kcu
            INNER JOIN information_schema.referential_constraints AS rc
            ON (
                kcu.CONSTRAINT_NAME = rc.CONSTRAINT_NAME
                AND kcu.CONSTRAINT_SCHEMA = rc.CONSTRAINT_SCHEMA
            )
            WHERE kcu.TABLE_SCHEMA = 'trans' AND kcu.TABLE_NAME = 'ens' AND rc.TABLE_NAME = 'ens'
2022-03-13 14:11:17 Debug: duration=1 rows=1 SHOW TABLE STATUS WHERE Name = 'ens'
2022-03-13 14:11:17 Debug: duration=0 rows=1 INSERT INTO ens (text, created, modified) VALUES ('Hello! Hello!', '2022-03-13 14:11:17', '2022-03-13 14:11:17')
2022-03-13 14:11:17 Debug: duration=0 rows=0 COMMIT
2022-03-13 14:31:40 Debug: duration=0 rows=0 BEGIN
2022-03-13 14:31:40 Debug: duration=4 rows=4 SHOW FULL COLUMNS FROM `jps`
2022-03-13 14:31:40 Debug: duration=2 rows=1 SHOW INDEXES FROM `jps`
2022-03-13 14:31:40 Debug: duration=2 rows=0 SELECT * FROM information_schema.key_column_usage AS kcu
            INNER JOIN information_schema.referential_constraints AS rc
            ON (
                kcu.CONSTRAINT_NAME = rc.CONSTRAINT_NAME
                AND kcu.CONSTRAINT_SCHEMA = rc.CONSTRAINT_SCHEMA
            )
            WHERE kcu.TABLE_SCHEMA = 'trans' AND kcu.TABLE_NAME = 'jps' AND rc.TABLE_NAME = 'jps'
2022-03-13 14:31:40 Debug: duration=0 rows=1 SHOW TABLE STATUS WHERE Name = 'jps'
2022-03-13 14:31:40 Debug: duration=0 rows=1 INSERT INTO jps (text, created, modified) VALUES ('こんな時はうどんが食べたい', '2022-03-13 14:31:40', '2022-03-13 14:31:40')
2022-03-13 14:31:40 Debug: duration=0 rows=0 COMMIT
2022-03-13 14:31:40 Debug: duration=0 rows=0 BEGIN
2022-03-13 14:31:40 Debug: duration=3 rows=4 SHOW FULL COLUMNS FROM `ens`
2022-03-13 14:31:40 Debug: duration=2 rows=1 SHOW INDEXES FROM `ens`
2022-03-13 14:31:40 Debug: duration=1 rows=0 SELECT * FROM information_schema.key_column_usage AS kcu
            INNER JOIN information_schema.referential_constraints AS rc
            ON (
                kcu.CONSTRAINT_NAME = rc.CONSTRAINT_NAME
                AND kcu.CONSTRAINT_SCHEMA = rc.CONSTRAINT_SCHEMA
            )
            WHERE kcu.TABLE_SCHEMA = 'trans' AND kcu.TABLE_NAME = 'ens' AND rc.TABLE_NAME = 'ens'
2022-03-13 14:31:40 Debug: duration=0 rows=1 SHOW TABLE STATUS WHERE Name = 'ens'
2022-03-13 14:31:40 Debug: duration=0 rows=1 INSERT INTO ens (text, created, modified) VALUES ('I want to eat udon noodles at a time like this.', '2022-03-13 14:31:40', '2022-03-13 14:31:40')
2022-03-13 14:31:40 Debug: duration=0 rows=0 COMMIT
2022-03-13 14:31:40 Debug: duration=0 rows=0 BEGIN
2022-03-13 14:31:40 Debug: duration=3 rows=4 SHOW FULL COLUMNS FROM `chs`
2022-03-13 14:31:40 Debug: duration=2 rows=1 SHOW INDEXES FROM `chs`
2022-03-13 14:31:40 Debug: duration=1 rows=0 SELECT * FROM information_schema.key_column_usage AS kcu
            INNER JOIN information_schema.referential_constraints AS rc
            ON (
                kcu.CONSTRAINT_NAME = rc.CONSTRAINT_NAME
                AND kcu.CONSTRAINT_SCHEMA = rc.CONSTRAINT_SCHEMA
            )
            WHERE kcu.TABLE_SCHEMA = 'trans' AND kcu.TABLE_NAME = 'chs' AND rc.TABLE_NAME = 'chs'
2022-03-13 14:31:40 Debug: duration=0 rows=1 SHOW TABLE STATUS WHERE Name = 'chs'
2022-03-13 14:31:40 Debug: duration=0 rows=1 INSERT INTO chs (text, created, modified) VALUES ('这种时候想吃乌冬', '2022-03-13 14:31:40', '2022-03-13 14:31:40')
2022-03-13 14:31:40 Debug: duration=0 rows=0 COMMIT
2022-03-13 14:31:40 Debug: duration=0 rows=0 BEGIN
2022-03-13 14:31:40 Debug: duration=3 rows=4 SHOW FULL COLUMNS FROM `krs`
2022-03-13 14:31:40 Debug: duration=2 rows=1 SHOW INDEXES FROM `krs`
2022-03-13 14:31:40 Debug: duration=1 rows=0 SELECT * FROM information_schema.key_column_usage AS kcu
            INNER JOIN information_schema.referential_constraints AS rc
            ON (
                kcu.CONSTRAINT_NAME = rc.CONSTRAINT_NAME
                AND kcu.CONSTRAINT_SCHEMA = rc.CONSTRAINT_SCHEMA
            )
            WHERE kcu.TABLE_SCHEMA = 'trans' AND kcu.TABLE_NAME = 'krs' AND rc.TABLE_NAME = 'krs'
2022-03-13 14:31:40 Debug: duration=0 rows=1 SHOW TABLE STATUS WHERE Name = 'krs'
2022-03-13 14:31:40 Debug: duration=0 rows=1 INSERT INTO krs (text, created, modified) VALUES ('이럴 때 우동이 먹고 싶다.', '2022-03-13 14:31:40', '2022-03-13 14:31:40')
2022-03-13 14:31:40 Debug: duration=0 rows=0 COMMIT
2022-03-13 14:40:10 Debug: duration=1 rows=4 SHOW TABLES FROM `trans`
2022-03-13 14:40:10 Debug: duration=4 rows=4 SHOW FULL COLUMNS FROM `chs`
2022-03-13 14:40:10 Debug: duration=2 rows=1 SHOW INDEXES FROM `chs`
2022-03-13 14:40:10 Debug: duration=1 rows=0 SELECT * FROM information_schema.key_column_usage AS kcu
            INNER JOIN information_schema.referential_constraints AS rc
            ON (
                kcu.CONSTRAINT_NAME = rc.CONSTRAINT_NAME
                AND kcu.CONSTRAINT_SCHEMA = rc.CONSTRAINT_SCHEMA
            )
            WHERE kcu.TABLE_SCHEMA = 'trans' AND kcu.TABLE_NAME = 'chs' AND rc.TABLE_NAME = 'chs'
2022-03-13 14:40:10 Debug: duration=0 rows=1 SHOW TABLE STATUS WHERE Name = 'chs'
2022-03-13 14:40:10 Debug: duration=3 rows=4 SHOW FULL COLUMNS FROM `ens`
2022-03-13 14:40:10 Debug: duration=2 rows=1 SHOW INDEXES FROM `ens`
2022-03-13 14:40:10 Debug: duration=1 rows=0 SELECT * FROM information_schema.key_column_usage AS kcu
            INNER JOIN information_schema.referential_constraints AS rc
            ON (
                kcu.CONSTRAINT_NAME = rc.CONSTRAINT_NAME
                AND kcu.CONSTRAINT_SCHEMA = rc.CONSTRAINT_SCHEMA
            )
            WHERE kcu.TABLE_SCHEMA = 'trans' AND kcu.TABLE_NAME = 'ens' AND rc.TABLE_NAME = 'ens'
2022-03-13 14:40:10 Debug: duration=0 rows=1 SHOW TABLE STATUS WHERE Name = 'ens'
2022-03-13 14:40:10 Debug: duration=3 rows=4 SHOW FULL COLUMNS FROM `jps`
2022-03-13 14:40:10 Debug: duration=2 rows=1 SHOW INDEXES FROM `jps`
2022-03-13 14:40:10 Debug: duration=1 rows=0 SELECT * FROM information_schema.key_column_usage AS kcu
            INNER JOIN information_schema.referential_constraints AS rc
            ON (
                kcu.CONSTRAINT_NAME = rc.CONSTRAINT_NAME
                AND kcu.CONSTRAINT_SCHEMA = rc.CONSTRAINT_SCHEMA
            )
            WHERE kcu.TABLE_SCHEMA = 'trans' AND kcu.TABLE_NAME = 'jps' AND rc.TABLE_NAME = 'jps'
2022-03-13 14:40:10 Debug: duration=0 rows=1 SHOW TABLE STATUS WHERE Name = 'jps'
2022-03-13 14:40:10 Debug: duration=3 rows=4 SHOW FULL COLUMNS FROM `krs`
2022-03-13 14:40:10 Debug: duration=2 rows=1 SHOW INDEXES FROM `krs`
2022-03-13 14:40:10 Debug: duration=1 rows=0 SELECT * FROM information_schema.key_column_usage AS kcu
            INNER JOIN information_schema.referential_constraints AS rc
            ON (
                kcu.CONSTRAINT_NAME = rc.CONSTRAINT_NAME
                AND kcu.CONSTRAINT_SCHEMA = rc.CONSTRAINT_SCHEMA
            )
            WHERE kcu.TABLE_SCHEMA = 'trans' AND kcu.TABLE_NAME = 'krs' AND rc.TABLE_NAME = 'krs'
2022-03-13 14:40:10 Debug: duration=0 rows=1 SHOW TABLE STATUS WHERE Name = 'krs'
2022-03-13 14:40:10 Debug: duration=0 rows=5 SHOW TABLES FROM `trans`
2022-03-13 14:40:10 Debug: duration=3 rows=4 SHOW FULL COLUMNS FROM `chs`
2022-03-13 14:40:10 Debug: duration=2 rows=1 SHOW INDEXES FROM `chs`
2022-03-13 14:40:10 Debug: duration=2 rows=0 SELECT * FROM information_schema.key_column_usage AS kcu
            INNER JOIN information_schema.referential_constraints AS rc
            ON (
                kcu.CONSTRAINT_NAME = rc.CONSTRAINT_NAME
                AND kcu.CONSTRAINT_SCHEMA = rc.CONSTRAINT_SCHEMA
            )
            WHERE kcu.TABLE_SCHEMA = 'trans' AND kcu.TABLE_NAME = 'chs' AND rc.TABLE_NAME = 'chs'
2022-03-13 14:40:10 Debug: duration=0 rows=1 SHOW TABLE STATUS WHERE Name = 'chs'
2022-03-13 14:40:10 Debug: duration=3 rows=4 SHOW FULL COLUMNS FROM `ens`
2022-03-13 14:40:10 Debug: duration=2 rows=1 SHOW INDEXES FROM `ens`
2022-03-13 14:40:10 Debug: duration=1 rows=0 SELECT * FROM information_schema.key_column_usage AS kcu
            INNER JOIN information_schema.referential_constraints AS rc
            ON (
                kcu.CONSTRAINT_NAME = rc.CONSTRAINT_NAME
                AND kcu.CONSTRAINT_SCHEMA = rc.CONSTRAINT_SCHEMA
            )
            WHERE kcu.TABLE_SCHEMA = 'trans' AND kcu.TABLE_NAME = 'ens' AND rc.TABLE_NAME = 'ens'
2022-03-13 14:40:10 Debug: duration=0 rows=1 SHOW TABLE STATUS WHERE Name = 'ens'
2022-03-13 14:40:10 Debug: duration=3 rows=4 SHOW FULL COLUMNS FROM `jps`
2022-03-13 14:40:10 Debug: duration=1 rows=1 SHOW INDEXES FROM `jps`
2022-03-13 14:40:10 Debug: duration=2 rows=0 SELECT * FROM information_schema.key_column_usage AS kcu
            INNER JOIN information_schema.referential_constraints AS rc
            ON (
                kcu.CONSTRAINT_NAME = rc.CONSTRAINT_NAME
                AND kcu.CONSTRAINT_SCHEMA = rc.CONSTRAINT_SCHEMA
            )
            WHERE kcu.TABLE_SCHEMA = 'trans' AND kcu.TABLE_NAME = 'jps' AND rc.TABLE_NAME = 'jps'
2022-03-13 14:40:10 Debug: duration=0 rows=1 SHOW TABLE STATUS WHERE Name = 'jps'
2022-03-13 14:40:10 Debug: duration=3 rows=4 SHOW FULL COLUMNS FROM `krs`
2022-03-13 14:40:10 Debug: duration=2 rows=1 SHOW INDEXES FROM `krs`
2022-03-13 14:40:10 Debug: duration=2 rows=0 SELECT * FROM information_schema.key_column_usage AS kcu
            INNER JOIN information_schema.referential_constraints AS rc
            ON (
                kcu.CONSTRAINT_NAME = rc.CONSTRAINT_NAME
                AND kcu.CONSTRAINT_SCHEMA = rc.CONSTRAINT_SCHEMA
            )
            WHERE kcu.TABLE_SCHEMA = 'trans' AND kcu.TABLE_NAME = 'krs' AND rc.TABLE_NAME = 'krs'
2022-03-13 14:40:10 Debug: duration=1 rows=1 SHOW TABLE STATUS WHERE Name = 'krs'
